<?xml version="1.0" encoding="UTF-8"?>
<!-- Generated by org.testng.reporters.JUnitReportReporter -->
<testsuite hostname="WINDOWS-8VTT9E5" name="tests.NewTest" tests="1" failures="0" timestamp="31 Mar 2020 19:10:39 GMT" time="17.423" errors="0">
  <testcase name="f" time="17.423" classname="tests.NewTest"/>
</testsuite> <!-- tests.NewTest -->
